2013/07/25 05:07:43 [error] [exception.CHttpException.404] exception 'CHttpException' with message 'Unable to resolve the request "gui".' in /Users/joelquatro/Desktop/Joel/Sites/organiSado/yii/framework/web/CWebApplication.php:286
Stack trace:
#0 /Users/joelquatro/Desktop/Joel/Sites/organiSado/yii/framework/web/CWebApplication.php(141): CWebApplication->runController('gui')
#1 /Users/joelquatro/Desktop/Joel/Sites/organiSado/yii/framework/base/CApplication.php(180): CWebApplication->processRequest()
#2 /Users/joelquatro/Desktop/Joel/Sites/organiSado/organisado.com.ar/index.php(13): CApplication->run()
#3 {main}
REQUEST_URI=/organisado/organisado.com.ar/index.php?r=gui
---
2013/07/25 05:07:47 [error] [exception.CHttpException.404] exception 'CHttpException' with message 'Unable to resolve the request "guii".' in /Users/joelquatro/Desktop/Joel/Sites/organiSado/yii/framework/web/CWebApplication.php:286
Stack trace:
#0 /Users/joelquatro/Desktop/Joel/Sites/organiSado/yii/framework/web/CWebApplication.php(141): CWebApplication->runController('guii')
#1 /Users/joelquatro/Desktop/Joel/Sites/organiSado/yii/framework/base/CApplication.php(180): CWebApplication->processRequest()
#2 /Users/joelquatro/Desktop/Joel/Sites/organiSado/organisado.com.ar/index.php(13): CApplication->run()
#3 {main}
REQUEST_URI=/organisado/organisado.com.ar/index.php?r=guii
---
2013/07/25 05:26:51 [error] [exception.CDbException] exception 'CDbException' with message 'CDbConnection failed to open the DB connection: SQLSTATE[42000] [1049] Unknown database 'testdrive'' in /Users/joelquatro/Desktop/Joel/Sites/organiSado/yii/framework/db/CDbConnection.php:382
Stack trace:
#0 /Users/joelquatro/Desktop/Joel/Sites/organiSado/yii/framework/db/CDbConnection.php(330): CDbConnection->open()
#1 /Users/joelquatro/Desktop/Joel/Sites/organiSado/yii/framework/db/CDbConnection.php(308): CDbConnection->setActive(true)
#2 /Users/joelquatro/Desktop/Joel/Sites/organiSado/yii/framework/base/CModule.php(387): CDbConnection->init()
#3 /Users/joelquatro/Desktop/Joel/Sites/organiSado/yii/framework/base/CModule.php(103): CModule->getComponent('db')
#4 /Users/joelquatro/Desktop/Joel/Sites/organiSado/yii/framework/gii/generators/crud/CrudCode.php(44): CModule->__get('db')
#5 /Users/joelquatro/Desktop/Joel/Sites/organiSado/yii/framework/web/CFormModel.php(39): CrudCode->init()
#6 /Users/joelquatro/Desktop/Joel/Sites/organiSado/yii/framework/gii/CCodeGenerator.php(153): CFormModel->__construct()
#7 /Users/joelquatro/Desktop/Joel/Sites/organiSado/yii/framework/gii/CCodeGenerator.php(63): CCodeGenerator->prepare()
#8 /Users/joelquatro/Desktop/Joel/Sites/organiSado/yii/framework/web/actions/CInlineAction.php(49): CCodeGenerator->actionIndex()
#9 /Users/joelquatro/Desktop/Joel/Sites/organiSado/yii/framework/web/CController.php(308): CInlineAction->runWithParams(Array)
#10 /Users/joelquatro/Desktop/Joel/Sites/organiSado/yii/framework/web/CController.php(286): CController->runAction(Object(CInlineAction))
#11 /Users/joelquatro/Desktop/Joel/Sites/organiSado/yii/framework/web/CController.php(265): CController->runActionWithFilters(Object(CInlineAction), Array)
#12 /Users/joelquatro/Desktop/Joel/Sites/organiSado/yii/framework/web/CWebApplication.php(282): CController->run('index')
#13 /Users/joelquatro/Desktop/Joel/Sites/organiSado/yii/framework/web/CWebApplication.php(141): CWebApplication->runController('gii/crud/index')
#14 /Users/joelquatro/Desktop/Joel/Sites/organiSado/yii/framework/base/CApplication.php(180): CWebApplication->processRequest()
#15 /Users/joelquatro/Desktop/Joel/Sites/organiSado/organisado.com.ar/index.php(13): CApplication->run()
#16 {main}
REQUEST_URI=/organisado/organisado.com.ar/index.php?r=gii/crud/index
HTTP_REFERER=http://localhost:8888/organisado/organisado.com.ar/index.php?r=gii/controller/index
---
2013/07/25 05:27:12 [error] [exception.CDbException] exception 'CDbException' with message 'CDbConnection failed to open the DB connection: SQLSTATE[42000] [1049] Unknown database 'testdrive'' in /Users/joelquatro/Desktop/Joel/Sites/organiSado/yii/framework/db/CDbConnection.php:382
Stack trace:
#0 /Users/joelquatro/Desktop/Joel/Sites/organiSado/yii/framework/db/CDbConnection.php(330): CDbConnection->open()
#1 /Users/joelquatro/Desktop/Joel/Sites/organiSado/yii/framework/db/CDbConnection.php(308): CDbConnection->setActive(true)
#2 /Users/joelquatro/Desktop/Joel/Sites/organiSado/yii/framework/base/CModule.php(387): CDbConnection->init()
#3 /Users/joelquatro/Desktop/Joel/Sites/organiSado/yii/framework/base/CModule.php(103): CModule->getComponent('db')
#4 /Users/joelquatro/Desktop/Joel/Sites/organiSado/yii/framework/gii/generators/crud/CrudCode.php(44): CModule->__get('db')
#5 /Users/joelquatro/Desktop/Joel/Sites/organiSado/yii/framework/web/CFormModel.php(39): CrudCode->init()
#6 /Users/joelquatro/Desktop/Joel/Sites/organiSado/yii/framework/gii/CCodeGenerator.php(153): CFormModel->__construct()
#7 /Users/joelquatro/Desktop/Joel/Sites/organiSado/yii/framework/gii/CCodeGenerator.php(63): CCodeGenerator->prepare()
#8 /Users/joelquatro/Desktop/Joel/Sites/organiSado/yii/framework/web/actions/CInlineAction.php(49): CCodeGenerator->actionIndex()
#9 /Users/joelquatro/Desktop/Joel/Sites/organiSado/yii/framework/web/CController.php(308): CInlineAction->runWithParams(Array)
#10 /Users/joelquatro/Desktop/Joel/Sites/organiSado/yii/framework/web/CController.php(286): CController->runAction(Object(CInlineAction))
#11 /Users/joelquatro/Desktop/Joel/Sites/organiSado/yii/framework/web/CController.php(265): CController->runActionWithFilters(Object(CInlineAction), Array)
#12 /Users/joelquatro/Desktop/Joel/Sites/organiSado/yii/framework/web/CWebApplication.php(282): CController->run('index')
#13 /Users/joelquatro/Desktop/Joel/Sites/organiSado/yii/framework/web/CWebApplication.php(141): CWebApplication->runController('gii/crud/index')
#14 /Users/joelquatro/Desktop/Joel/Sites/organiSado/yii/framework/base/CApplication.php(180): CWebApplication->processRequest()
#15 /Users/joelquatro/Desktop/Joel/Sites/organiSado/organisado.com.ar/index.php(13): CApplication->run()
#16 {main}
REQUEST_URI=/organisado/organisado.com.ar/index.php?r=gii/crud/index
HTTP_REFERER=http://localhost:8888/organisado/organisado.com.ar/index.php?r=gii
---
2013/07/25 05:28:19 [error] [exception.CDbException] exception 'CDbException' with message 'CDbConnection failed to open the DB connection: SQLSTATE[42000] [1049] Unknown database 'testdrive'' in /Users/joelquatro/Desktop/Joel/Sites/organiSado/yii/framework/db/CDbConnection.php:382
Stack trace:
#0 /Users/joelquatro/Desktop/Joel/Sites/organiSado/yii/framework/db/CDbConnection.php(330): CDbConnection->open()
#1 /Users/joelquatro/Desktop/Joel/Sites/organiSado/yii/framework/db/CDbConnection.php(308): CDbConnection->setActive(true)
#2 /Users/joelquatro/Desktop/Joel/Sites/organiSado/yii/framework/base/CModule.php(387): CDbConnection->init()
#3 /Users/joelquatro/Desktop/Joel/Sites/organiSado/yii/framework/base/CModule.php(103): CModule->getComponent('db')
#4 /Users/joelquatro/Desktop/Joel/Sites/organiSado/yii/framework/gii/generators/crud/CrudCode.php(44): CModule->__get('db')
#5 /Users/joelquatro/Desktop/Joel/Sites/organiSado/yii/framework/web/CFormModel.php(39): CrudCode->init()
#6 /Users/joelquatro/Desktop/Joel/Sites/organiSado/yii/framework/gii/CCodeGenerator.php(153): CFormModel->__construct()
#7 /Users/joelquatro/Desktop/Joel/Sites/organiSado/yii/framework/gii/CCodeGenerator.php(63): CCodeGenerator->prepare()
#8 /Users/joelquatro/Desktop/Joel/Sites/organiSado/yii/framework/web/actions/CInlineAction.php(49): CCodeGenerator->actionIndex()
#9 /Users/joelquatro/Desktop/Joel/Sites/organiSado/yii/framework/web/CController.php(308): CInlineAction->runWithParams(Array)
#10 /Users/joelquatro/Desktop/Joel/Sites/organiSado/yii/framework/web/CController.php(286): CController->runAction(Object(CInlineAction))
#11 /Users/joelquatro/Desktop/Joel/Sites/organiSado/yii/framework/web/CController.php(265): CController->runActionWithFilters(Object(CInlineAction), Array)
#12 /Users/joelquatro/Desktop/Joel/Sites/organiSado/yii/framework/web/CWebApplication.php(282): CController->run('index')
#13 /Users/joelquatro/Desktop/Joel/Sites/organiSado/yii/framework/web/CWebApplication.php(141): CWebApplication->runController('gii/crud/index')
#14 /Users/joelquatro/Desktop/Joel/Sites/organiSado/yii/framework/base/CApplication.php(180): CWebApplication->processRequest()
#15 /Users/joelquatro/Desktop/Joel/Sites/organiSado/organisado.com.ar/index.php(13): CApplication->run()
#16 {main}
REQUEST_URI=/organisado/organisado.com.ar/index.php?r=gii/crud/index
HTTP_REFERER=http://localhost:8888/organisado/organisado.com.ar/index.php?r=gii
---
2013/07/25 05:31:29 [error] [system.db.CDbCommand] CDbCommand::fetchAll() failed: SQLSTATE[42S02]: Base table or view not found: 1146 Table 'organisado.message' doesn't exist. The SQL statement executed was: SHOW FULL COLUMNS FROM `message`.
in /Users/joelquatro/Desktop/Joel/Sites/organiSado/organisado.com.ar/index.php (13)
2013/07/25 05:31:34 [error] [system.db.CDbCommand] CDbCommand::fetchAll() failed: SQLSTATE[42S02]: Base table or view not found: 1146 Table 'organisado.message' doesn't exist. The SQL statement executed was: SHOW FULL COLUMNS FROM `message`.
in /Users/joelquatro/Desktop/Joel/Sites/organiSado/organisado.com.ar/index.php (13)
2013/07/25 05:33:28 [error] [exception.CHttpException.403] exception 'CHttpException' with message 'You are not authorized to perform this action.' in /Users/joelquatro/Desktop/Joel/Sites/organiSado/yii/framework/web/auth/CAccessControlFilter.php:182
Stack trace:
#0 /Users/joelquatro/Desktop/Joel/Sites/organiSado/yii/framework/web/auth/CAccessControlFilter.php(145): CAccessControlFilter->accessDenied(Object(CWebUser), 'You are not aut...')
#1 /Users/joelquatro/Desktop/Joel/Sites/organiSado/yii/framework/web/filters/CFilter.php(38): CAccessControlFilter->preFilter(Object(CFilterChain))
#2 /Users/joelquatro/Desktop/Joel/Sites/organiSado/yii/framework/web/CController.php(1145): CFilter->filter(Object(CFilterChain))
#3 /Users/joelquatro/Desktop/Joel/Sites/organiSado/yii/framework/web/filters/CInlineFilter.php(58): CController->filterAccessControl(Object(CFilterChain))
#4 /Users/joelquatro/Desktop/Joel/Sites/organiSado/yii/framework/web/filters/CFilterChain.php(130): CInlineFilter->filter(Object(CFilterChain))
#5 /Users/joelquatro/Desktop/Joel/Sites/organiSado/yii/framework/web/CController.php(291): CFilterChain->run()
#6 /Users/joelquatro/Desktop/Joel/Sites/organiSado/yii/framework/web/CController.php(265): CController->runActionWithFilters(Object(CInlineAction), Array)
#7 /Users/joelquatro/Desktop/Joel/Sites/organiSado/yii/framework/web/CWebApplication.php(282): CController->run('admin')
#8 /Users/joelquatro/Desktop/Joel/Sites/organiSado/yii/framework/web/CWebApplication.php(141): CWebApplication->runController('tour/admin')
#9 /Users/joelquatro/Desktop/Joel/Sites/organiSado/yii/framework/base/CApplication.php(180): CWebApplication->processRequest()
#10 /Users/joelquatro/Desktop/Joel/Sites/organiSado/organisado.com.ar/index.php(13): CApplication->run()
#11 {main}
REQUEST_URI=/organisado/organisado.com.ar/index.php?r=tour/admin
HTTP_REFERER=http://localhost:8888/organisado/organisado.com.ar/index.php?r=site/login
---
2013/07/25 05:34:07 [error] [exception.CHttpException.403] exception 'CHttpException' with message 'You are not authorized to perform this action.' in /Users/joelquatro/Desktop/Joel/Sites/organiSado/yii/framework/web/auth/CAccessControlFilter.php:182
Stack trace:
#0 /Users/joelquatro/Desktop/Joel/Sites/organiSado/yii/framework/web/auth/CAccessControlFilter.php(145): CAccessControlFilter->accessDenied(Object(CWebUser), 'You are not aut...')
#1 /Users/joelquatro/Desktop/Joel/Sites/organiSado/yii/framework/web/filters/CFilter.php(38): CAccessControlFilter->preFilter(Object(CFilterChain))
#2 /Users/joelquatro/Desktop/Joel/Sites/organiSado/yii/framework/web/CController.php(1145): CFilter->filter(Object(CFilterChain))
#3 /Users/joelquatro/Desktop/Joel/Sites/organiSado/yii/framework/web/filters/CInlineFilter.php(58): CController->filterAccessControl(Object(CFilterChain))
#4 /Users/joelquatro/Desktop/Joel/Sites/organiSado/yii/framework/web/filters/CFilterChain.php(130): CInlineFilter->filter(Object(CFilterChain))
#5 /Users/joelquatro/Desktop/Joel/Sites/organiSado/yii/framework/web/CController.php(291): CFilterChain->run()
#6 /Users/joelquatro/Desktop/Joel/Sites/organiSado/yii/framework/web/CController.php(265): CController->runActionWithFilters(Object(CInlineAction), Array)
#7 /Users/joelquatro/Desktop/Joel/Sites/organiSado/yii/framework/web/CWebApplication.php(282): CController->run('admin')
#8 /Users/joelquatro/Desktop/Joel/Sites/organiSado/yii/framework/web/CWebApplication.php(141): CWebApplication->runController('tour/admin')
#9 /Users/joelquatro/Desktop/Joel/Sites/organiSado/yii/framework/base/CApplication.php(180): CWebApplication->processRequest()
#10 /Users/joelquatro/Desktop/Joel/Sites/organiSado/organisado.com.ar/index.php(13): CApplication->run()
#11 {main}
REQUEST_URI=/organisado/organisado.com.ar/index.php?r=tour/admin
HTTP_REFERER=http://localhost:8888/organisado/organisado.com.ar/index.php?r=site/login
---
2013/07/25 05:34:17 [error] [exception.CHttpException.403] exception 'CHttpException' with message 'You are not authorized to perform this action.' in /Users/joelquatro/Desktop/Joel/Sites/organiSado/yii/framework/web/auth/CAccessControlFilter.php:182
Stack trace:
#0 /Users/joelquatro/Desktop/Joel/Sites/organiSado/yii/framework/web/auth/CAccessControlFilter.php(145): CAccessControlFilter->accessDenied(Object(CWebUser), 'You are not aut...')
#1 /Users/joelquatro/Desktop/Joel/Sites/organiSado/yii/framework/web/filters/CFilter.php(38): CAccessControlFilter->preFilter(Object(CFilterChain))
#2 /Users/joelquatro/Desktop/Joel/Sites/organiSado/yii/framework/web/CController.php(1145): CFilter->filter(Object(CFilterChain))
#3 /Users/joelquatro/Desktop/Joel/Sites/organiSado/yii/framework/web/filters/CInlineFilter.php(58): CController->filterAccessControl(Object(CFilterChain))
#4 /Users/joelquatro/Desktop/Joel/Sites/organiSado/yii/framework/web/filters/CFilterChain.php(130): CInlineFilter->filter(Object(CFilterChain))
#5 /Users/joelquatro/Desktop/Joel/Sites/organiSado/yii/framework/web/CController.php(291): CFilterChain->run()
#6 /Users/joelquatro/Desktop/Joel/Sites/organiSado/yii/framework/web/CController.php(265): CController->runActionWithFilters(Object(CInlineAction), Array)
#7 /Users/joelquatro/Desktop/Joel/Sites/organiSado/yii/framework/web/CWebApplication.php(282): CController->run('admin')
#8 /Users/joelquatro/Desktop/Joel/Sites/organiSado/yii/framework/web/CWebApplication.php(141): CWebApplication->runController('tour/admin')
#9 /Users/joelquatro/Desktop/Joel/Sites/organiSado/yii/framework/base/CApplication.php(180): CWebApplication->processRequest()
#10 /Users/joelquatro/Desktop/Joel/Sites/organiSado/organisado.com.ar/index.php(13): CApplication->run()
#11 {main}
REQUEST_URI=/organisado/organisado.com.ar/index.php?r=tour/admin
HTTP_REFERER=http://localhost:8888/organisado/organisado.com.ar/index.php?r=tour/create
---
2013/07/25 05:37:17 [error] [exception.CHttpException.404] exception 'CHttpException' with message 'The requested page does not exist.' in /Users/joelquatro/Desktop/Joel/Sites/organiSado/organisado.com.ar/protected/controllers/TourController.php:157
Stack trace:
#0 /Users/joelquatro/Desktop/Joel/Sites/organiSado/organisado.com.ar/protected/controllers/TourController.php(55): TourController->loadModel('0')
#1 [internal function]: TourController->actionView('0')
#2 /Users/joelquatro/Desktop/Joel/Sites/organiSado/yii/framework/web/actions/CAction.php(108): ReflectionMethod->invokeArgs(Object(TourController), Array)
#3 /Users/joelquatro/Desktop/Joel/Sites/organiSado/yii/framework/web/actions/CInlineAction.php(47): CAction->runWithParamsInternal(Object(TourController), Object(ReflectionMethod), Array)
#4 /Users/joelquatro/Desktop/Joel/Sites/organiSado/yii/framework/web/CController.php(308): CInlineAction->runWithParams(Array)
#5 /Users/joelquatro/Desktop/Joel/Sites/organiSado/yii/framework/web/filters/CFilterChain.php(133): CController->runAction(Object(CInlineAction))
#6 /Users/joelquatro/Desktop/Joel/Sites/organiSado/yii/framework/web/filters/CFilter.php(40): CFilterChain->run()
#7 /Users/joelquatro/Desktop/Joel/Sites/organiSado/yii/framework/web/CController.php(1145): CFilter->filter(Object(CFilterChain))
#8 /Users/joelquatro/Desktop/Joel/Sites/organiSado/yii/framework/web/filters/CInlineFilter.php(58): CController->filterAccessControl(Object(CFilterChain))
#9 /Users/joelquatro/Desktop/Joel/Sites/organiSado/yii/framework/web/filters/CFilterChain.php(130): CInlineFilter->filter(Object(CFilterChain))
#10 /Users/joelquatro/Desktop/Joel/Sites/organiSado/yii/framework/web/CController.php(291): CFilterChain->run()
#11 /Users/joelquatro/Desktop/Joel/Sites/organiSado/yii/framework/web/CController.php(265): CController->runActionWithFilters(Object(CInlineAction), Array)
#12 /Users/joelquatro/Desktop/Joel/Sites/organiSado/yii/framework/web/CWebApplication.php(282): CController->run('view')
#13 /Users/joelquatro/Desktop/Joel/Sites/organiSado/yii/framework/web/CWebApplication.php(141): CWebApplication->runController('tour/view')
#14 /Users/joelquatro/Desktop/Joel/Sites/organiSado/yii/framework/base/CApplication.php(180): CWebApplication->processRequest()
#15 /Users/joelquatro/Desktop/Joel/Sites/organiSado/organisado.com.ar/index.php(13): CApplication->run()
#16 {main}
REQUEST_URI=/organisado/organisado.com.ar/index.php?r=tour/view&id=0
HTTP_REFERER=http://localhost:8888/organisado/organisado.com.ar/index.php?r=tour/create
---
2013/07/25 05:37:36 [error] [system.db.CDbCommand] CDbCommand::execute() failed: SQLSTATE[23000]: Integrity constraint violation: 1062 Duplicate entry '1' for key 'PRIMARY'. The SQL statement executed was: INSERT INTO `yii_tour` (`id`, `content`) VALUES (:yp0, :yp1).
in /Users/joelquatro/Desktop/Joel/Sites/organiSado/organisado.com.ar/protected/controllers/TourController.php (73)
in /Users/joelquatro/Desktop/Joel/Sites/organiSado/organisado.com.ar/index.php (13)
2013/07/25 05:37:36 [error] [exception.CDbException] exception 'CDbException' with message 'CDbCommand failed to execute the SQL statement: SQLSTATE[23000]: Integrity constraint violation: 1062 Duplicate entry '1' for key 'PRIMARY'. The SQL statement executed was: INSERT INTO `yii_tour` (`id`, `content`) VALUES (:yp0, :yp1)' in /Users/joelquatro/Desktop/Joel/Sites/organiSado/yii/framework/db/CDbCommand.php:358
Stack trace:
#0 /Users/joelquatro/Desktop/Joel/Sites/organiSado/yii/framework/db/ar/CActiveRecord.php(1077): CDbCommand->execute()
#1 /Users/joelquatro/Desktop/Joel/Sites/organiSado/yii/framework/db/ar/CActiveRecord.php(806): CActiveRecord->insert(NULL)
#2 /Users/joelquatro/Desktop/Joel/Sites/organiSado/organisado.com.ar/protected/controllers/TourController.php(73): CActiveRecord->save()
#3 /Users/joelquatro/Desktop/Joel/Sites/organiSado/yii/framework/web/actions/CInlineAction.php(49): TourController->actionCreate()
#4 /Users/joelquatro/Desktop/Joel/Sites/organiSado/yii/framework/web/CController.php(308): CInlineAction->runWithParams(Array)
#5 /Users/joelquatro/Desktop/Joel/Sites/organiSado/yii/framework/web/filters/CFilterChain.php(133): CController->runAction(Object(CInlineAction))
#6 /Users/joelquatro/Desktop/Joel/Sites/organiSado/yii/framework/web/filters/CFilter.php(40): CFilterChain->run()
#7 /Users/joelquatro/Desktop/Joel/Sites/organiSado/yii/framework/web/CController.php(1145): CFilter->filter(Object(CFilterChain))
#8 /Users/joelquatro/Desktop/Joel/Sites/organiSado/yii/framework/web/filters/CInlineFilter.php(58): CController->filterAccessControl(Object(CFilterChain))
#9 /Users/joelquatro/Desktop/Joel/Sites/organiSado/yii/framework/web/filters/CFilterChain.php(130): CInlineFilter->filter(Object(CFilterChain))
#10 /Users/joelquatro/Desktop/Joel/Sites/organiSado/yii/framework/web/CController.php(291): CFilterChain->run()
#11 /Users/joelquatro/Desktop/Joel/Sites/organiSado/yii/framework/web/CController.php(265): CController->runActionWithFilters(Object(CInlineAction), Array)
#12 /Users/joelquatro/Desktop/Joel/Sites/organiSado/yii/framework/web/CWebApplication.php(282): CController->run('create')
#13 /Users/joelquatro/Desktop/Joel/Sites/organiSado/yii/framework/web/CWebApplication.php(141): CWebApplication->runController('tour/create')
#14 /Users/joelquatro/Desktop/Joel/Sites/organiSado/yii/framework/base/CApplication.php(180): CWebApplication->processRequest()
#15 /Users/joelquatro/Desktop/Joel/Sites/organiSado/organisado.com.ar/index.php(13): CApplication->run()
#16 {main}
REQUEST_URI=/organisado/organisado.com.ar/index.php?r=tour/create
HTTP_REFERER=http://localhost:8888/organisado/organisado.com.ar/index.php?r=tour/create
---
2013/07/25 05:38:24 [error] [exception.CHttpException.403] exception 'CHttpException' with message 'You are not authorized to perform this action.' in /Users/joelquatro/Desktop/Joel/Sites/organiSado/yii/framework/web/auth/CAccessControlFilter.php:182
Stack trace:
#0 /Users/joelquatro/Desktop/Joel/Sites/organiSado/yii/framework/web/auth/CAccessControlFilter.php(145): CAccessControlFilter->accessDenied(Object(CWebUser), 'You are not aut...')
#1 /Users/joelquatro/Desktop/Joel/Sites/organiSado/yii/framework/web/filters/CFilter.php(38): CAccessControlFilter->preFilter(Object(CFilterChain))
#2 /Users/joelquatro/Desktop/Joel/Sites/organiSado/yii/framework/web/CController.php(1145): CFilter->filter(Object(CFilterChain))
#3 /Users/joelquatro/Desktop/Joel/Sites/organiSado/yii/framework/web/filters/CInlineFilter.php(58): CController->filterAccessControl(Object(CFilterChain))
#4 /Users/joelquatro/Desktop/Joel/Sites/organiSado/yii/framework/web/filters/CFilterChain.php(130): CInlineFilter->filter(Object(CFilterChain))
#5 /Users/joelquatro/Desktop/Joel/Sites/organiSado/yii/framework/web/CController.php(291): CFilterChain->run()
#6 /Users/joelquatro/Desktop/Joel/Sites/organiSado/yii/framework/web/CController.php(265): CController->runActionWithFilters(Object(CInlineAction), Array)
#7 /Users/joelquatro/Desktop/Joel/Sites/organiSado/yii/framework/web/CWebApplication.php(282): CController->run('admin')
#8 /Users/joelquatro/Desktop/Joel/Sites/organiSado/yii/framework/web/CWebApplication.php(141): CWebApplication->runController('tour/admin')
#9 /Users/joelquatro/Desktop/Joel/Sites/organiSado/yii/framework/base/CApplication.php(180): CWebApplication->processRequest()
#10 /Users/joelquatro/Desktop/Joel/Sites/organiSado/organisado.com.ar/index.php(13): CApplication->run()
#11 {main}
REQUEST_URI=/organisado/organisado.com.ar/index.php?r=tour/admin
HTTP_REFERER=http://localhost:8888/organisado/organisado.com.ar/index.php?r=tour/create
---
2014/01/23 03:33:36 [error] [php] scandir(img/header/) [<a href='function.scandir'>function.scandir</a>]: failed to open dir: No such file or directory (/Users/joelquatro/Desktop/Joel/Sites/organiSado/organisado.com.ar/protected/views/site/index.php:5)
Stack trace:
#0 /Users/joelquatro/Desktop/Joel/Sites/organiSado/yii/framework/web/CBaseController.php(95): SiteController->renderInternal()
#1 /Users/joelquatro/Desktop/Joel/Sites/organiSado/yii/framework/web/CController.php(869): SiteController->renderFile()
#2 /Users/joelquatro/Desktop/Joel/Sites/organiSado/yii/framework/web/CController.php(782): SiteController->renderPartial()
#3 /Users/joelquatro/Desktop/Joel/Sites/organiSado/organisado.com.ar/protected/controllers/SiteController.php(32): SiteController->render()
#4 /Users/joelquatro/Desktop/Joel/Sites/organiSado/yii/framework/web/actions/CInlineAction.php(49): SiteController->actionIndex()
#5 /Users/joelquatro/Desktop/Joel/Sites/organiSado/yii/framework/web/CController.php(308): CInlineAction->runWithParams()
#6 /Users/joelquatro/Desktop/Joel/Sites/organiSado/yii/framework/web/CController.php(286): SiteController->runAction()
#7 /Users/joelquatro/Desktop/Joel/Sites/organiSado/yii/framework/web/CController.php(265): SiteController->runActionWithFilters()
#8 /Users/joelquatro/Desktop/Joel/Sites/organiSado/yii/framework/web/CWebApplication.php(282): SiteController->run()
#9 /Users/joelquatro/Desktop/Joel/Sites/organiSado/yii/framework/web/CWebApplication.php(141): CWebApplication->runController()
#10 /Users/joelquatro/Desktop/Joel/Sites/organiSado/yii/framework/base/CApplication.php(180): CWebApplication->processRequest()
#11 /Users/joelquatro/Desktop/Joel/Sites/organiSado/organisado.com.ar/index.php(13): CWebApplication->run()
REQUEST_URI=/organiSado/organisado.com.ar/
in /Users/joelquatro/Desktop/Joel/Sites/organiSado/organisado.com.ar/protected/views/site/index.php (5)
in /Users/joelquatro/Desktop/Joel/Sites/organiSado/organisado.com.ar/protected/controllers/SiteController.php (32)
in /Users/joelquatro/Desktop/Joel/Sites/organiSado/organisado.com.ar/index.php (13)
2014/01/23 03:33:39 [error] [php] scandir(img/header/) [<a href='function.scandir'>function.scandir</a>]: failed to open dir: No such file or directory (/Users/joelquatro/Desktop/Joel/Sites/organiSado/organisado.com.ar/protected/views/site/index.php:5)
Stack trace:
#0 /Users/joelquatro/Desktop/Joel/Sites/organiSado/yii/framework/web/CBaseController.php(95): SiteController->renderInternal()
#1 /Users/joelquatro/Desktop/Joel/Sites/organiSado/yii/framework/web/CController.php(869): SiteController->renderFile()
#2 /Users/joelquatro/Desktop/Joel/Sites/organiSado/yii/framework/web/CController.php(782): SiteController->renderPartial()
#3 /Users/joelquatro/Desktop/Joel/Sites/organiSado/organisado.com.ar/protected/controllers/SiteController.php(32): SiteController->render()
#4 /Users/joelquatro/Desktop/Joel/Sites/organiSado/yii/framework/web/actions/CInlineAction.php(49): SiteController->actionIndex()
#5 /Users/joelquatro/Desktop/Joel/Sites/organiSado/yii/framework/web/CController.php(308): CInlineAction->runWithParams()
#6 /Users/joelquatro/Desktop/Joel/Sites/organiSado/yii/framework/web/CController.php(286): SiteController->runAction()
#7 /Users/joelquatro/Desktop/Joel/Sites/organiSado/yii/framework/web/CController.php(265): SiteController->runActionWithFilters()
#8 /Users/joelquatro/Desktop/Joel/Sites/organiSado/yii/framework/web/CWebApplication.php(282): SiteController->run()
#9 /Users/joelquatro/Desktop/Joel/Sites/organiSado/yii/framework/web/CWebApplication.php(141): CWebApplication->runController()
#10 /Users/joelquatro/Desktop/Joel/Sites/organiSado/yii/framework/base/CApplication.php(180): CWebApplication->processRequest()
#11 /Users/joelquatro/Desktop/Joel/Sites/organiSado/organisado.com.ar/index.php(13): CWebApplication->run()
REQUEST_URI=/organiSado/organisado.com.ar/index.php?r=site/index
in /Users/joelquatro/Desktop/Joel/Sites/organiSado/organisado.com.ar/protected/views/site/index.php (5)
in /Users/joelquatro/Desktop/Joel/Sites/organiSado/organisado.com.ar/protected/controllers/SiteController.php (32)
in /Users/joelquatro/Desktop/Joel/Sites/organiSado/organisado.com.ar/index.php (13)
2014/01/23 03:33:41 [error] [php] scandir(img/header/) [<a href='function.scandir'>function.scandir</a>]: failed to open dir: No such file or directory (/Users/joelquatro/Desktop/Joel/Sites/organiSado/organisado.com.ar/protected/views/site/login.php:5)
Stack trace:
#0 /Users/joelquatro/Desktop/Joel/Sites/organiSado/yii/framework/web/CBaseController.php(95): SiteController->renderInternal()
#1 /Users/joelquatro/Desktop/Joel/Sites/organiSado/yii/framework/web/CController.php(869): SiteController->renderFile()
#2 /Users/joelquatro/Desktop/Joel/Sites/organiSado/yii/framework/web/CController.php(782): SiteController->renderPartial()
#3 /Users/joelquatro/Desktop/Joel/Sites/organiSado/organisado.com.ar/protected/controllers/SiteController.php(98): SiteController->render()
#4 /Users/joelquatro/Desktop/Joel/Sites/organiSado/yii/framework/web/actions/CInlineAction.php(49): SiteController->actionLogin()
#5 /Users/joelquatro/Desktop/Joel/Sites/organiSado/yii/framework/web/CController.php(308): CInlineAction->runWithParams()
#6 /Users/joelquatro/Desktop/Joel/Sites/organiSado/yii/framework/web/CController.php(286): SiteController->runAction()
#7 /Users/joelquatro/Desktop/Joel/Sites/organiSado/yii/framework/web/CController.php(265): SiteController->runActionWithFilters()
#8 /Users/joelquatro/Desktop/Joel/Sites/organiSado/yii/framework/web/CWebApplication.php(282): SiteController->run()
#9 /Users/joelquatro/Desktop/Joel/Sites/organiSado/yii/framework/web/CWebApplication.php(141): CWebApplication->runController()
#10 /Users/joelquatro/Desktop/Joel/Sites/organiSado/yii/framework/base/CApplication.php(180): CWebApplication->processRequest()
#11 /Users/joelquatro/Desktop/Joel/Sites/organiSado/organisado.com.ar/index.php(13): CWebApplication->run()
REQUEST_URI=/organiSado/organisado.com.ar/index.php?r=site/login
in /Users/joelquatro/Desktop/Joel/Sites/organiSado/organisado.com.ar/protected/views/site/login.php (5)
in /Users/joelquatro/Desktop/Joel/Sites/organiSado/organisado.com.ar/protected/controllers/SiteController.php (98)
in /Users/joelquatro/Desktop/Joel/Sites/organiSado/organisado.com.ar/index.php (13)
2014/01/23 03:33:43 [error] [php] scandir(img/header/) [<a href='function.scandir'>function.scandir</a>]: failed to open dir: No such file or directory (/Users/joelquatro/Desktop/Joel/Sites/organiSado/organisado.com.ar/protected/views/site/registro.php:5)
Stack trace:
#0 /Users/joelquatro/Desktop/Joel/Sites/organiSado/yii/framework/web/CBaseController.php(95): SiteController->renderInternal()
#1 /Users/joelquatro/Desktop/Joel/Sites/organiSado/yii/framework/web/CController.php(869): SiteController->renderFile()
#2 /Users/joelquatro/Desktop/Joel/Sites/organiSado/yii/framework/web/CController.php(782): SiteController->renderPartial()
#3 /Users/joelquatro/Desktop/Joel/Sites/organiSado/organisado.com.ar/protected/controllers/SiteController.php(121): SiteController->render()
#4 /Users/joelquatro/Desktop/Joel/Sites/organiSado/yii/framework/web/actions/CInlineAction.php(49): SiteController->actionRegistro()
#5 /Users/joelquatro/Desktop/Joel/Sites/organiSado/yii/framework/web/CController.php(308): CInlineAction->runWithParams()
#6 /Users/joelquatro/Desktop/Joel/Sites/organiSado/yii/framework/web/CController.php(286): SiteController->runAction()
#7 /Users/joelquatro/Desktop/Joel/Sites/organiSado/yii/framework/web/CController.php(265): SiteController->runActionWithFilters()
#8 /Users/joelquatro/Desktop/Joel/Sites/organiSado/yii/framework/web/CWebApplication.php(282): SiteController->run()
#9 /Users/joelquatro/Desktop/Joel/Sites/organiSado/yii/framework/web/CWebApplication.php(141): CWebApplication->runController()
#10 /Users/joelquatro/Desktop/Joel/Sites/organiSado/yii/framework/base/CApplication.php(180): CWebApplication->processRequest()
#11 /Users/joelquatro/Desktop/Joel/Sites/organiSado/organisado.com.ar/index.php(13): CWebApplication->run()
REQUEST_URI=/organiSado/organisado.com.ar/index.php?r=site/registro
in /Users/joelquatro/Desktop/Joel/Sites/organiSado/organisado.com.ar/protected/views/site/registro.php (5)
in /Users/joelquatro/Desktop/Joel/Sites/organiSado/organisado.com.ar/protected/controllers/SiteController.php (121)
in /Users/joelquatro/Desktop/Joel/Sites/organiSado/organisado.com.ar/index.php (13)
2014/01/23 03:33:45 [error] [php] scandir(img/header/) [<a href='function.scandir'>function.scandir</a>]: failed to open dir: No such file or directory (/Users/joelquatro/Desktop/Joel/Sites/organiSado/organisado.com.ar/protected/views/site/nosotros.php:5)
Stack trace:
#0 /Users/joelquatro/Desktop/Joel/Sites/organiSado/yii/framework/web/CBaseController.php(95): SiteController->renderInternal()
#1 /Users/joelquatro/Desktop/Joel/Sites/organiSado/yii/framework/web/CController.php(869): SiteController->renderFile()
#2 /Users/joelquatro/Desktop/Joel/Sites/organiSado/yii/framework/web/CController.php(782): SiteController->renderPartial()
#3 /Users/joelquatro/Desktop/Joel/Sites/organiSado/organisado.com.ar/protected/controllers/SiteController.php(114): SiteController->render()
#4 /Users/joelquatro/Desktop/Joel/Sites/organiSado/yii/framework/web/actions/CInlineAction.php(49): SiteController->actionNosotros()
#5 /Users/joelquatro/Desktop/Joel/Sites/organiSado/yii/framework/web/CController.php(308): CInlineAction->runWithParams()
#6 /Users/joelquatro/Desktop/Joel/Sites/organiSado/yii/framework/web/CController.php(286): SiteController->runAction()
#7 /Users/joelquatro/Desktop/Joel/Sites/organiSado/yii/framework/web/CController.php(265): SiteController->runActionWithFilters()
#8 /Users/joelquatro/Desktop/Joel/Sites/organiSado/yii/framework/web/CWebApplication.php(282): SiteController->run()
#9 /Users/joelquatro/Desktop/Joel/Sites/organiSado/yii/framework/web/CWebApplication.php(141): CWebApplication->runController()
#10 /Users/joelquatro/Desktop/Joel/Sites/organiSado/yii/framework/base/CApplication.php(180): CWebApplication->processRequest()
#11 /Users/joelquatro/Desktop/Joel/Sites/organiSado/organisado.com.ar/index.php(13): CWebApplication->run()
REQUEST_URI=/organiSado/organisado.com.ar/index.php?r=site/Nosotros
in /Users/joelquatro/Desktop/Joel/Sites/organiSado/organisado.com.ar/protected/views/site/nosotros.php (5)
in /Users/joelquatro/Desktop/Joel/Sites/organiSado/organisado.com.ar/protected/controllers/SiteController.php (114)
in /Users/joelquatro/Desktop/Joel/Sites/organiSado/organisado.com.ar/index.php (13)
2014/01/23 03:33:59 [error] [php] scandir(img/header/) [<a href='function.scandir'>function.scandir</a>]: failed to open dir: No such file or directory (/Users/joelquatro/Desktop/Joel/Sites/organiSado/organisado.com.ar/protected/views/site/nosotros.php:5)
Stack trace:
#0 /Users/joelquatro/Desktop/Joel/Sites/organiSado/yii/framework/web/CBaseController.php(95): SiteController->renderInternal()
#1 /Users/joelquatro/Desktop/Joel/Sites/organiSado/yii/framework/web/CController.php(869): SiteController->renderFile()
#2 /Users/joelquatro/Desktop/Joel/Sites/organiSado/yii/framework/web/CController.php(782): SiteController->renderPartial()
#3 /Users/joelquatro/Desktop/Joel/Sites/organiSado/organisado.com.ar/protected/controllers/SiteController.php(114): SiteController->render()
#4 /Users/joelquatro/Desktop/Joel/Sites/organiSado/yii/framework/web/actions/CInlineAction.php(49): SiteController->actionNosotros()
#5 /Users/joelquatro/Desktop/Joel/Sites/organiSado/yii/framework/web/CController.php(308): CInlineAction->runWithParams()
#6 /Users/joelquatro/Desktop/Joel/Sites/organiSado/yii/framework/web/CController.php(286): SiteController->runAction()
#7 /Users/joelquatro/Desktop/Joel/Sites/organiSado/yii/framework/web/CController.php(265): SiteController->runActionWithFilters()
#8 /Users/joelquatro/Desktop/Joel/Sites/organiSado/yii/framework/web/CWebApplication.php(282): SiteController->run()
#9 /Users/joelquatro/Desktop/Joel/Sites/organiSado/yii/framework/web/CWebApplication.php(141): CWebApplication->runController()
#10 /Users/joelquatro/Desktop/Joel/Sites/organiSado/yii/framework/base/CApplication.php(180): CWebApplication->processRequest()
#11 /Users/joelquatro/Desktop/Joel/Sites/organiSado/organisado.com.ar/index.php(13): CWebApplication->run()
REQUEST_URI=/organiSado/organisado.com.ar/index.php?r=site/Nosotros
in /Users/joelquatro/Desktop/Joel/Sites/organiSado/organisado.com.ar/protected/views/site/nosotros.php (5)
in /Users/joelquatro/Desktop/Joel/Sites/organiSado/organisado.com.ar/protected/controllers/SiteController.php (114)
in /Users/joelquatro/Desktop/Joel/Sites/organiSado/organisado.com.ar/index.php (13)
2014/01/23 03:34:00 [error] [php] scandir(img/header/) [<a href='function.scandir'>function.scandir</a>]: failed to open dir: No such file or directory (/Users/joelquatro/Desktop/Joel/Sites/organiSado/organisado.com.ar/protected/views/site/about.php:5)
Stack trace:
#0 /Users/joelquatro/Desktop/Joel/Sites/organiSado/yii/framework/web/CBaseController.php(95): SiteController->renderInternal()
#1 /Users/joelquatro/Desktop/Joel/Sites/organiSado/yii/framework/web/CController.php(869): SiteController->renderFile()
#2 /Users/joelquatro/Desktop/Joel/Sites/organiSado/yii/framework/web/CController.php(782): SiteController->renderPartial()
#3 /Users/joelquatro/Desktop/Joel/Sites/organiSado/organisado.com.ar/protected/controllers/SiteController.php(128): SiteController->render()
#4 /Users/joelquatro/Desktop/Joel/Sites/organiSado/yii/framework/web/actions/CInlineAction.php(49): SiteController->actionAbout()
#5 /Users/joelquatro/Desktop/Joel/Sites/organiSado/yii/framework/web/CController.php(308): CInlineAction->runWithParams()
#6 /Users/joelquatro/Desktop/Joel/Sites/organiSado/yii/framework/web/CController.php(286): SiteController->runAction()
#7 /Users/joelquatro/Desktop/Joel/Sites/organiSado/yii/framework/web/CController.php(265): SiteController->runActionWithFilters()
#8 /Users/joelquatro/Desktop/Joel/Sites/organiSado/yii/framework/web/CWebApplication.php(282): SiteController->run()
#9 /Users/joelquatro/Desktop/Joel/Sites/organiSado/yii/framework/web/CWebApplication.php(141): CWebApplication->runController()
#10 /Users/joelquatro/Desktop/Joel/Sites/organiSado/yii/framework/base/CApplication.php(180): CWebApplication->processRequest()
#11 /Users/joelquatro/Desktop/Joel/Sites/organiSado/organisado.com.ar/index.php(13): CWebApplication->run()
REQUEST_URI=/organiSado/organisado.com.ar/index.php?r=site/about
in /Users/joelquatro/Desktop/Joel/Sites/organiSado/organisado.com.ar/protected/views/site/about.php (5)
in /Users/joelquatro/Desktop/Joel/Sites/organiSado/organisado.com.ar/protected/controllers/SiteController.php (128)
in /Users/joelquatro/Desktop/Joel/Sites/organiSado/organisado.com.ar/index.php (13)
2014/01/23 03:34:02 [error] [php] scandir(img/header/) [<a href='function.scandir'>function.scandir</a>]: failed to open dir: No such file or directory (/Users/joelquatro/Desktop/Joel/Sites/organiSado/organisado.com.ar/protected/views/site/registro.php:5)
Stack trace:
#0 /Users/joelquatro/Desktop/Joel/Sites/organiSado/yii/framework/web/CBaseController.php(95): SiteController->renderInternal()
#1 /Users/joelquatro/Desktop/Joel/Sites/organiSado/yii/framework/web/CController.php(869): SiteController->renderFile()
#2 /Users/joelquatro/Desktop/Joel/Sites/organiSado/yii/framework/web/CController.php(782): SiteController->renderPartial()
#3 /Users/joelquatro/Desktop/Joel/Sites/organiSado/organisado.com.ar/protected/controllers/SiteController.php(121): SiteController->render()
#4 /Users/joelquatro/Desktop/Joel/Sites/organiSado/yii/framework/web/actions/CInlineAction.php(49): SiteController->actionRegistro()
#5 /Users/joelquatro/Desktop/Joel/Sites/organiSado/yii/framework/web/CController.php(308): CInlineAction->runWithParams()
#6 /Users/joelquatro/Desktop/Joel/Sites/organiSado/yii/framework/web/CController.php(286): SiteController->runAction()
#7 /Users/joelquatro/Desktop/Joel/Sites/organiSado/yii/framework/web/CController.php(265): SiteController->runActionWithFilters()
#8 /Users/joelquatro/Desktop/Joel/Sites/organiSado/yii/framework/web/CWebApplication.php(282): SiteController->run()
#9 /Users/joelquatro/Desktop/Joel/Sites/organiSado/yii/framework/web/CWebApplication.php(141): CWebApplication->runController()
#10 /Users/joelquatro/Desktop/Joel/Sites/organiSado/yii/framework/base/CApplication.php(180): CWebApplication->processRequest()
#11 /Users/joelquatro/Desktop/Joel/Sites/organiSado/organisado.com.ar/index.php(13): CWebApplication->run()
REQUEST_URI=/organiSado/organisado.com.ar/index.php?r=site/registro
in /Users/joelquatro/Desktop/Joel/Sites/organiSado/organisado.com.ar/protected/views/site/registro.php (5)
in /Users/joelquatro/Desktop/Joel/Sites/organiSado/organisado.com.ar/protected/controllers/SiteController.php (121)
in /Users/joelquatro/Desktop/Joel/Sites/organiSado/organisado.com.ar/index.php (13)
2014/01/23 03:34:03 [error] [php] scandir(img/header/) [<a href='function.scandir'>function.scandir</a>]: failed to open dir: No such file or directory (/Users/joelquatro/Desktop/Joel/Sites/organiSado/organisado.com.ar/protected/views/site/registro.php:5)
Stack trace:
#0 /Users/joelquatro/Desktop/Joel/Sites/organiSado/yii/framework/web/CBaseController.php(95): SiteController->renderInternal()
#1 /Users/joelquatro/Desktop/Joel/Sites/organiSado/yii/framework/web/CController.php(869): SiteController->renderFile()
#2 /Users/joelquatro/Desktop/Joel/Sites/organiSado/yii/framework/web/CController.php(782): SiteController->renderPartial()
#3 /Users/joelquatro/Desktop/Joel/Sites/organiSado/organisado.com.ar/protected/controllers/SiteController.php(121): SiteController->render()
#4 /Users/joelquatro/Desktop/Joel/Sites/organiSado/yii/framework/web/actions/CInlineAction.php(49): SiteController->actionRegistro()
#5 /Users/joelquatro/Desktop/Joel/Sites/organiSado/yii/framework/web/CController.php(308): CInlineAction->runWithParams()
#6 /Users/joelquatro/Desktop/Joel/Sites/organiSado/yii/framework/web/CController.php(286): SiteController->runAction()
#7 /Users/joelquatro/Desktop/Joel/Sites/organiSado/yii/framework/web/CController.php(265): SiteController->runActionWithFilters()
#8 /Users/joelquatro/Desktop/Joel/Sites/organiSado/yii/framework/web/CWebApplication.php(282): SiteController->run()
#9 /Users/joelquatro/Desktop/Joel/Sites/organiSado/yii/framework/web/CWebApplication.php(141): CWebApplication->runController()
#10 /Users/joelquatro/Desktop/Joel/Sites/organiSado/yii/framework/base/CApplication.php(180): CWebApplication->processRequest()
#11 /Users/joelquatro/Desktop/Joel/Sites/organiSado/organisado.com.ar/index.php(13): CWebApplication->run()
REQUEST_URI=/organiSado/organisado.com.ar/index.php?r=site/registro
in /Users/joelquatro/Desktop/Joel/Sites/organiSado/organisado.com.ar/protected/views/site/registro.php (5)
in /Users/joelquatro/Desktop/Joel/Sites/organiSado/organisado.com.ar/protected/controllers/SiteController.php (121)
in /Users/joelquatro/Desktop/Joel/Sites/organiSado/organisado.com.ar/index.php (13)
2014/01/23 03:34:04 [error] [php] scandir(img/header/) [<a href='function.scandir'>function.scandir</a>]: failed to open dir: No such file or directory (/Users/joelquatro/Desktop/Joel/Sites/organiSado/organisado.com.ar/protected/views/site/login.php:5)
Stack trace:
#0 /Users/joelquatro/Desktop/Joel/Sites/organiSado/yii/framework/web/CBaseController.php(95): SiteController->renderInternal()
#1 /Users/joelquatro/Desktop/Joel/Sites/organiSado/yii/framework/web/CController.php(869): SiteController->renderFile()
#2 /Users/joelquatro/Desktop/Joel/Sites/organiSado/yii/framework/web/CController.php(782): SiteController->renderPartial()
#3 /Users/joelquatro/Desktop/Joel/Sites/organiSado/organisado.com.ar/protected/controllers/SiteController.php(98): SiteController->render()
#4 /Users/joelquatro/Desktop/Joel/Sites/organiSado/yii/framework/web/actions/CInlineAction.php(49): SiteController->actionLogin()
#5 /Users/joelquatro/Desktop/Joel/Sites/organiSado/yii/framework/web/CController.php(308): CInlineAction->runWithParams()
#6 /Users/joelquatro/Desktop/Joel/Sites/organiSado/yii/framework/web/CController.php(286): SiteController->runAction()
#7 /Users/joelquatro/Desktop/Joel/Sites/organiSado/yii/framework/web/CController.php(265): SiteController->runActionWithFilters()
#8 /Users/joelquatro/Desktop/Joel/Sites/organiSado/yii/framework/web/CWebApplication.php(282): SiteController->run()
#9 /Users/joelquatro/Desktop/Joel/Sites/organiSado/yii/framework/web/CWebApplication.php(141): CWebApplication->runController()
#10 /Users/joelquatro/Desktop/Joel/Sites/organiSado/yii/framework/base/CApplication.php(180): CWebApplication->processRequest()
#11 /Users/joelquatro/Desktop/Joel/Sites/organiSado/organisado.com.ar/index.php(13): CWebApplication->run()
REQUEST_URI=/organiSado/organisado.com.ar/index.php?r=site/login
in /Users/joelquatro/Desktop/Joel/Sites/organiSado/organisado.com.ar/protected/views/site/login.php (5)
in /Users/joelquatro/Desktop/Joel/Sites/organiSado/organisado.com.ar/protected/controllers/SiteController.php (98)
in /Users/joelquatro/Desktop/Joel/Sites/organiSado/organisado.com.ar/index.php (13)
2014/01/23 03:34:09 [error] [php] scandir(img/header/) [<a href='function.scandir'>function.scandir</a>]: failed to open dir: No such file or directory (/Users/joelquatro/Desktop/Joel/Sites/organiSado/organisado.com.ar/protected/views/site/login.php:5)
Stack trace:
#0 /Users/joelquatro/Desktop/Joel/Sites/organiSado/yii/framework/web/CBaseController.php(95): SiteController->renderInternal()
#1 /Users/joelquatro/Desktop/Joel/Sites/organiSado/yii/framework/web/CController.php(869): SiteController->renderFile()
#2 /Users/joelquatro/Desktop/Joel/Sites/organiSado/yii/framework/web/CController.php(782): SiteController->renderPartial()
#3 /Users/joelquatro/Desktop/Joel/Sites/organiSado/organisado.com.ar/protected/controllers/SiteController.php(98): SiteController->render()
#4 /Users/joelquatro/Desktop/Joel/Sites/organiSado/yii/framework/web/actions/CInlineAction.php(49): SiteController->actionLogin()
#5 /Users/joelquatro/Desktop/Joel/Sites/organiSado/yii/framework/web/CController.php(308): CInlineAction->runWithParams()
#6 /Users/joelquatro/Desktop/Joel/Sites/organiSado/yii/framework/web/CController.php(286): SiteController->runAction()
#7 /Users/joelquatro/Desktop/Joel/Sites/organiSado/yii/framework/web/CController.php(265): SiteController->runActionWithFilters()
#8 /Users/joelquatro/Desktop/Joel/Sites/organiSado/yii/framework/web/CWebApplication.php(282): SiteController->run()
#9 /Users/joelquatro/Desktop/Joel/Sites/organiSado/yii/framework/web/CWebApplication.php(141): CWebApplication->runController()
#10 /Users/joelquatro/Desktop/Joel/Sites/organiSado/yii/framework/base/CApplication.php(180): CWebApplication->processRequest()
#11 /Users/joelquatro/Desktop/Joel/Sites/organiSado/organisado.com.ar/index.php(13): CWebApplication->run()
REQUEST_URI=/organiSado/organisado.com.ar/index.php?r=site/login
in /Users/joelquatro/Desktop/Joel/Sites/organiSado/organisado.com.ar/protected/views/site/login.php (5)
in /Users/joelquatro/Desktop/Joel/Sites/organiSado/organisado.com.ar/protected/controllers/SiteController.php (98)
in /Users/joelquatro/Desktop/Joel/Sites/organiSado/organisado.com.ar/index.php (13)
2014/01/23 03:34:10 [error] [php] scandir(img/header/) [<a href='function.scandir'>function.scandir</a>]: failed to open dir: No such file or directory (/Users/joelquatro/Desktop/Joel/Sites/organiSado/organisado.com.ar/protected/views/site/index.php:5)
Stack trace:
#0 /Users/joelquatro/Desktop/Joel/Sites/organiSado/yii/framework/web/CBaseController.php(95): SiteController->renderInternal()
#1 /Users/joelquatro/Desktop/Joel/Sites/organiSado/yii/framework/web/CController.php(869): SiteController->renderFile()
#2 /Users/joelquatro/Desktop/Joel/Sites/organiSado/yii/framework/web/CController.php(782): SiteController->renderPartial()
#3 /Users/joelquatro/Desktop/Joel/Sites/organiSado/organisado.com.ar/protected/controllers/SiteController.php(32): SiteController->render()
#4 /Users/joelquatro/Desktop/Joel/Sites/organiSado/yii/framework/web/actions/CInlineAction.php(49): SiteController->actionIndex()
#5 /Users/joelquatro/Desktop/Joel/Sites/organiSado/yii/framework/web/CController.php(308): CInlineAction->runWithParams()
#6 /Users/joelquatro/Desktop/Joel/Sites/organiSado/yii/framework/web/CController.php(286): SiteController->runAction()
#7 /Users/joelquatro/Desktop/Joel/Sites/organiSado/yii/framework/web/CController.php(265): SiteController->runActionWithFilters()
#8 /Users/joelquatro/Desktop/Joel/Sites/organiSado/yii/framework/web/CWebApplication.php(282): SiteController->run()
#9 /Users/joelquatro/Desktop/Joel/Sites/organiSado/yii/framework/web/CWebApplication.php(141): CWebApplication->runController()
#10 /Users/joelquatro/Desktop/Joel/Sites/organiSado/yii/framework/base/CApplication.php(180): CWebApplication->processRequest()
#11 /Users/joelquatro/Desktop/Joel/Sites/organiSado/organisado.com.ar/index.php(13): CWebApplication->run()
REQUEST_URI=/organiSado/organisado.com.ar/index.php?r=site/index
in /Users/joelquatro/Desktop/Joel/Sites/organiSado/organisado.com.ar/protected/views/site/index.php (5)
in /Users/joelquatro/Desktop/Joel/Sites/organiSado/organisado.com.ar/protected/controllers/SiteController.php (32)
in /Users/joelquatro/Desktop/Joel/Sites/organiSado/organisado.com.ar/index.php (13)
2014/01/23 03:34:39 [error] [php] scandir(img/header/) [<a href='function.scandir'>function.scandir</a>]: failed to open dir: No such file or directory (/Users/joelquatro/Desktop/Joel/Sites/organiSado/organisado.com.ar/protected/views/site/index.php:5)
Stack trace:
#0 /Users/joelquatro/Desktop/Joel/Sites/organiSado/yii/framework/web/CBaseController.php(95): SiteController->renderInternal()
#1 /Users/joelquatro/Desktop/Joel/Sites/organiSado/yii/framework/web/CController.php(869): SiteController->renderFile()
#2 /Users/joelquatro/Desktop/Joel/Sites/organiSado/yii/framework/web/CController.php(782): SiteController->renderPartial()
#3 /Users/joelquatro/Desktop/Joel/Sites/organiSado/organisado.com.ar/protected/controllers/SiteController.php(32): SiteController->render()
#4 /Users/joelquatro/Desktop/Joel/Sites/organiSado/yii/framework/web/actions/CInlineAction.php(49): SiteController->actionIndex()
#5 /Users/joelquatro/Desktop/Joel/Sites/organiSado/yii/framework/web/CController.php(308): CInlineAction->runWithParams()
#6 /Users/joelquatro/Desktop/Joel/Sites/organiSado/yii/framework/web/CController.php(286): SiteController->runAction()
#7 /Users/joelquatro/Desktop/Joel/Sites/organiSado/yii/framework/web/CController.php(265): SiteController->runActionWithFilters()
#8 /Users/joelquatro/Desktop/Joel/Sites/organiSado/yii/framework/web/CWebApplication.php(282): SiteController->run()
#9 /Users/joelquatro/Desktop/Joel/Sites/organiSado/yii/framework/web/CWebApplication.php(141): CWebApplication->runController()
#10 /Users/joelquatro/Desktop/Joel/Sites/organiSado/yii/framework/base/CApplication.php(180): CWebApplication->processRequest()
#11 /Users/joelquatro/Desktop/Joel/Sites/organiSado/organisado.com.ar/index.php(13): CWebApplication->run()
REQUEST_URI=/organiSado/organisado.com.ar/index.php?r=site/index
in /Users/joelquatro/Desktop/Joel/Sites/organiSado/organisado.com.ar/protected/views/site/index.php (5)
in /Users/joelquatro/Desktop/Joel/Sites/organiSado/organisado.com.ar/protected/controllers/SiteController.php (32)
in /Users/joelquatro/Desktop/Joel/Sites/organiSado/organisado.com.ar/index.php (13)
